<?xml version="1.0" encoding="UTF-8"?>
<testng-results skipped="0" failed="0" ignored="0" total="1" passed="1">
  <reporter-output>
  </reporter-output>
  <suite name="Default suite" duration-ms="36209" started-at="2019-03-11T16:18:17Z" finished-at="2019-03-11T16:18:53Z">
    <groups>
    </groups>
    <test name="Default test" duration-ms="36209" started-at="2019-03-11T16:18:17Z" finished-at="2019-03-11T16:18:53Z">
      <class name="com.cyclos.tests.TestCase3Tests">
        <test-method status="PASS" signature="setUpBeforeClass()[pri:0, instance:com.cyclos.tests.TestCase3Tests@66a3ffec]" name="setUpBeforeClass" is-config="true" duration-ms="46" started-at="2019-03-11T16:18:17Z" finished-at="2019-03-11T16:18:17Z">
          <reporter-output>
          </reporter-output>
        </test-method> <!-- setUpBeforeClass -->
        <test-method status="PASS" signature="setUp()[pri:0, instance:com.cyclos.tests.TestCase3Tests@66a3ffec]" name="setUp" is-config="true" duration-ms="15705" started-at="2019-03-11T16:18:17Z" finished-at="2019-03-11T16:18:33Z">
          <reporter-output>
          </reporter-output>
        </test-method> <!-- setUp -->
        <test-method status="PASS" signature="TC3(java.lang.String, java.lang.String, java.lang.String, java.lang.String, java.lang.String)[pri:0, instance:com.cyclos.tests.TestCase3Tests@66a3ffec]" name="TC3" duration-ms="16272" started-at="2019-03-11T16:18:33Z" data-provider="inputs" finished-at="2019-03-11T16:18:49Z">
          <params>
            <param index="0">
              <value>
                <![CDATA[admin]]>
              </value>
            </param>
            <param index="1">
              <value>
                <![CDATA[123456]]>
              </value>
            </param>
            <param index="2">
              <value>
                <![CDATA[manzoor]]>
              </value>
            </param>
            <param index="3">
              <value>
                <![CDATA[loan repayment]]>
              </value>
            </param>
            <param index="4">
              <value>
                <![CDATA[loan repayment]]>
              </value>
            </param>
          </params>
          <reporter-output>
          </reporter-output>
        </test-method> <!-- TC3 -->
        <test-method status="PASS" signature="tearDown()[pri:0, instance:com.cyclos.tests.TestCase3Tests@66a3ffec]" name="tearDown" is-config="true" duration-ms="4125" started-at="2019-03-11T16:18:49Z" finished-at="2019-03-11T16:18:53Z">
          <reporter-output>
          </reporter-output>
        </test-method> <!-- tearDown -->
      </class> <!-- com.cyclos.tests.TestCase3Tests -->
    </test> <!-- Default test -->
  </suite> <!-- Default suite -->
</testng-results>
