<?xml version="1.0" encoding="UTF-8"?>
<testng-results skipped="0" failed="0" ignored="0" total="1" passed="1">
  <reporter-output>
  </reporter-output>
  <suite name="Default suite" duration-ms="22176" started-at="2019-03-10T18:29:20Z" finished-at="2019-03-10T18:29:42Z">
    <groups>
    </groups>
    <test name="Default test" duration-ms="22176" started-at="2019-03-10T18:29:20Z" finished-at="2019-03-10T18:29:42Z">
      <class name="com.cyclos.tests.TestCase15Tests">
        <test-method status="PASS" signature="setUpBeforeClass()[pri:0, instance:com.cyclos.tests.TestCase15Tests@91161c7]" name="setUpBeforeClass" is-config="true" duration-ms="32" started-at="2019-03-10T18:29:20Z" finished-at="2019-03-10T18:29:20Z">
          <reporter-output>
          </reporter-output>
        </test-method> <!-- setUpBeforeClass -->
        <test-method status="PASS" signature="setUp()[pri:0, instance:com.cyclos.tests.TestCase15Tests@91161c7]" name="setUp" is-config="true" duration-ms="6206" started-at="2019-03-10T18:29:20Z" finished-at="2019-03-10T18:29:26Z">
          <reporter-output>
          </reporter-output>
        </test-method> <!-- setUp -->
        <test-method status="PASS" signature="TC6(java.lang.String, java.lang.String)[pri:0, instance:com.cyclos.tests.TestCase15Tests@91161c7]" name="TC6" duration-ms="14161" started-at="2019-03-10T18:29:26Z" data-provider="inputs" finished-at="2019-03-10T18:29:41Z">
          <params>
            <param index="0">
              <value>
                <![CDATA[admin]]>
              </value>
            </param>
            <param index="1">
              <value>
                <![CDATA[123456]]>
              </value>
            </param>
          </params>
          <reporter-output>
          </reporter-output>
        </test-method> <!-- TC6 -->
        <test-method status="PASS" signature="tearDown()[pri:0, instance:com.cyclos.tests.TestCase15Tests@91161c7]" name="tearDown" is-config="true" duration-ms="1741" started-at="2019-03-10T18:29:41Z" finished-at="2019-03-10T18:29:42Z">
          <reporter-output>
          </reporter-output>
        </test-method> <!-- tearDown -->
      </class> <!-- com.cyclos.tests.TestCase15Tests -->
    </test> <!-- Default test -->
  </suite> <!-- Default suite -->
</testng-results>
